-------------------------------------------------------------------------------
Test set: com.March.March.MarchApplicationTests
-------------------------------------------------------------------------------
Tests run: 1, Failures: 0, Errors: 1, Skipped: 0, Time elapsed: 0.423 s <<< FAILURE! - in com.March.March.MarchApplicationTests
com.March.March.MarchApplicationTests  Time elapsed: 0.421 s  <<< ERROR!
java.lang.IllegalStateException: Unable to find a @SpringBootConfiguration, you need to use @ContextConfiguration or @SpringBootTest(classes=...) with your test

